<?xml version="1.0" encoding="UTF-8"?>
<!-- Generated by org.testng.reporters.JUnitReportReporter -->
<testsuite skipped="0" hostname="Rajaram" name="com.testcases.TC_AddEditTest_005" tests="1" failures="0" timestamp="28 Jul 2021 06:31:40 GMT" time="39.022" errors="0">
  <testcase name="addNewCustomer" time="39.022" classname="com.testcases.TC_AddEditTest_005"/>
</testsuite> <!-- com.testcases.TC_AddEditTest_005 -->
