<?xml version="1.0" encoding="UTF-8"?>
<!-- Generated by org.testng.reporters.JUnitReportReporter -->
<testsuite skipped="0" hostname="Rajaram" name="com.testcases.TC_EditCustomerTest_004" tests="1" failures="0" timestamp="28 Jul 2021 05:39:33 GMT" time="8.755" errors="0">
  <testcase name="editCustomer" time="8.755" classname="com.testcases.TC_EditCustomerTest_004"/>
</testsuite> <!-- com.testcases.TC_EditCustomerTest_004 -->
