<?xml version="1.0" encoding="UTF-8"?>
<!-- Generated by org.testng.reporters.JUnitReportReporter -->
<testsuite skipped="0" hostname="Rajaram" name="com.testcases.TC_AddCustomerTest_003" tests="1" failures="0" timestamp="26 Jul 2021 15:39:38 GMT" time="41.673" errors="0">
  <testcase name="addNewCustomer" time="41.673" classname="com.testcases.TC_AddCustomerTest_003"/>
</testsuite> <!-- com.testcases.TC_AddCustomerTest_003 -->
