<?xml version="1.0" encoding="UTF-8"?>
<!-- Generated by org.testng.reporters.JUnitReportReporter -->
<testsuite skipped="0" hostname="Rajaram" name="com.testcases.TC_AddCustomerTest_003" tests="1" failures="0" timestamp="28 Jul 2021 05:39:33 GMT" time="18.787" errors="0">
  <testcase name="addNewCustomer" time="18.787" classname="com.testcases.TC_AddCustomerTest_003"/>
</testsuite> <!-- com.testcases.TC_AddCustomerTest_003 -->
