<?xml version="1.0" encoding="UTF-8"?>
<!-- Generated by org.testng.reporters.JUnitReportReporter -->
<testsuite skipped="0" hostname="Rajaram" name="com.testcases.TC_AddEditTest_005" tests="1" failures="0" timestamp="04 Aug 2021 06:21:21 GMT" time="31.221" errors="0">
  <testcase name="addNewCustomer" time="31.221" classname="com.testcases.TC_AddEditTest_005"/>
</testsuite> <!-- com.testcases.TC_AddEditTest_005 -->
